<?xml version="1.0" encoding="UTF-8"?>
<checkstyle version="7.6.1">
<file name="/usr/anson/cassource/cas5.1.3/cas/api/cas-server-core-api/src/main/java/org/apereo/cas/CentralAuthenticationService.java">
</file>
<file name="/usr/anson/cassource/cas5.1.3/cas/api/cas-server-core-api/src/main/java/org/apereo/cas/DESCoder.java">
<error line="0" severity="error" message="There are no @since tags defined for this components Javadocs." source="com.puppycrawl.tools.checkstyle.checks.regexp.RegexpSinglelineCheck"/>
<error line="11" column="1" severity="error" message="Import from illegal package - sun.misc.BASE64Decoder." source="com.puppycrawl.tools.checkstyle.checks.imports.IllegalImportCheck"/>
<error line="12" column="1" severity="error" message="Import from illegal package - sun.misc.BASE64Encoder." source="com.puppycrawl.tools.checkstyle.checks.imports.IllegalImportCheck"/>
<error line="12" column="8" severity="error" message="Unused import - sun.misc.BASE64Encoder." source="com.puppycrawl.tools.checkstyle.checks.imports.UnusedImportsCheck"/>
<error line="14" severity="error" message="Missing a Javadoc comment." source="com.puppycrawl.tools.checkstyle.checks.javadoc.JavadocTypeCheck"/>
<error line="14" column="1" severity="error" message="Utility classes should not have a public or default constructor." source="com.puppycrawl.tools.checkstyle.checks.design.HideUtilityClassConstructorCheck"/>
<error line="15" column="19" severity="error" message="&apos;static&apos; modifier out of order with the JLS suggestions." source="com.puppycrawl.tools.checkstyle.checks.modifier.ModifierOrderCheck"/>
<error line="16" severity="error" message="Line has trailing spaces." source="com.puppycrawl.tools.checkstyle.checks.regexp.RegexpSinglelineCheck"/>
<error line="16" column="5" severity="error" message="Missing a Javadoc comment." source="com.puppycrawl.tools.checkstyle.checks.javadoc.JavadocMethodCheck"/>
<error line="16" column="34" severity="error" message="Parameter input should be final." source="com.puppycrawl.tools.checkstyle.checks.FinalParametersCheck"/>
<error line="16" column="41" severity="error" message="Variable &apos;input&apos; should be declared final." source="com.puppycrawl.tools.checkstyle.checks.coding.FinalLocalVariableCheck"/>
<error line="17" column="5" severity="error" message="&apos;{&apos; at column 5 should be on the previous line." source="com.puppycrawl.tools.checkstyle.checks.blocks.LeftCurlyCheck"/>
<error line="18" column="16" severity="error" message="Variable &apos;result&apos; should be declared final." source="com.puppycrawl.tools.checkstyle.checks.coding.FinalLocalVariableCheck"/>
<error line="21" severity="error" message="Line has trailing spaces." source="com.puppycrawl.tools.checkstyle.checks.regexp.RegexpSinglelineCheck"/>
<error line="21" column="38" severity="error" message="Parameter encryptText should be final." source="com.puppycrawl.tools.checkstyle.checks.FinalParametersCheck"/>
<error line="21" column="45" severity="error" message="Variable &apos;encryptText&apos; should be declared final." source="com.puppycrawl.tools.checkstyle.checks.coding.FinalLocalVariableCheck"/>
<error line="22" column="5" severity="error" message="&apos;{&apos; at column 5 should be on the previous line." source="com.puppycrawl.tools.checkstyle.checks.blocks.LeftCurlyCheck"/>
<error line="23" column="22" severity="error" message="Variable &apos;sr&apos; should be declared final." source="com.puppycrawl.tools.checkstyle.checks.coding.FinalLocalVariableCheck"/>
<error line="24" column="20" severity="error" message="Variable &apos;dks&apos; should be declared final." source="com.puppycrawl.tools.checkstyle.checks.coding.FinalLocalVariableCheck"/>
<error line="24" column="26" severity="error" message="Use a single space to separate non-whitespace characters." source="com.puppycrawl.tools.checkstyle.checks.whitespace.SingleSpaceSeparatorCheck"/>
<error line="25" column="26" severity="error" message="Variable &apos;keyFactory&apos; should be declared final." source="com.puppycrawl.tools.checkstyle.checks.coding.FinalLocalVariableCheck"/>
<error line="26" column="19" severity="error" message="Variable &apos;key&apos; should be declared final." source="com.puppycrawl.tools.checkstyle.checks.coding.FinalLocalVariableCheck"/>
<error line="27" column="16" severity="error" message="Variable &apos;cipher&apos; should be declared final." source="com.puppycrawl.tools.checkstyle.checks.coding.FinalLocalVariableCheck"/>
<error line="29" column="14" severity="error" message="Variable &apos;encryptedData&apos; should be declared final." source="com.puppycrawl.tools.checkstyle.checks.coding.FinalLocalVariableCheck"/>
<error line="29" column="27" severity="error" message="Array brackets at illegal position." source="com.puppycrawl.tools.checkstyle.checks.ArrayTypeStyleCheck"/>
<error line="30" column="14" severity="error" message="Variable &apos;decryptedData&apos; should be declared final." source="com.puppycrawl.tools.checkstyle.checks.coding.FinalLocalVariableCheck"/>
<error line="30" column="27" severity="error" message="Array brackets at illegal position." source="com.puppycrawl.tools.checkstyle.checks.ArrayTypeStyleCheck"/>
<error line="34" severity="error" message="Line has trailing spaces." source="com.puppycrawl.tools.checkstyle.checks.regexp.RegexpSinglelineCheck"/>
<error line="34" column="40" severity="error" message="Parameter s should be final." source="com.puppycrawl.tools.checkstyle.checks.FinalParametersCheck"/>
<error line="34" column="47" severity="error" message="Variable &apos;s&apos; should be declared final." source="com.puppycrawl.tools.checkstyle.checks.coding.FinalLocalVariableCheck"/>
<error line="35" column="5" severity="error" message="&apos;{&apos; at column 5 should be on the previous line." source="com.puppycrawl.tools.checkstyle.checks.blocks.LeftCurlyCheck"/>
<error line="37" column="9" severity="error" message="&apos;{&apos; at column 9 should be on the previous line." source="com.puppycrawl.tools.checkstyle.checks.blocks.LeftCurlyCheck"/>
<error line="40" column="23" severity="error" message="Variable &apos;decoder&apos; should be declared final." source="com.puppycrawl.tools.checkstyle.checks.coding.FinalLocalVariableCheck"/>
<error line="41" column="16" severity="error" message="Variable &apos;b&apos; should be declared final." source="com.puppycrawl.tools.checkstyle.checks.coding.FinalLocalVariableCheck"/>
<error line="44" column="5" severity="error" message="Missing a Javadoc comment." source="com.puppycrawl.tools.checkstyle.checks.javadoc.JavadocMethodCheck"/>
<error line="44" column="19" severity="error" message="Use a single space to separate non-whitespace characters." source="com.puppycrawl.tools.checkstyle.checks.whitespace.SingleSpaceSeparatorCheck"/>
<error line="44" column="30" severity="error" message="Parameter args should be final." source="com.puppycrawl.tools.checkstyle.checks.FinalParametersCheck"/>
<error line="44" column="37" severity="error" message="Variable &apos;args&apos; should be declared final." source="com.puppycrawl.tools.checkstyle.checks.coding.FinalLocalVariableCheck"/>
<error line="44" column="41" severity="error" message="Array brackets at illegal position." source="com.puppycrawl.tools.checkstyle.checks.ArrayTypeStyleCheck"/>
<error line="46" severity="error" message="Avoid sending messages to the console directly. Use a logger object instead" source="com.puppycrawl.tools.checkstyle.checks.regexp.RegexpSinglelineJavaCheck"/>
<error line="47" column="18" severity="error" message="Parameter e should be final." source="com.puppycrawl.tools.checkstyle.checks.FinalParametersCheck"/>
<error line="47" column="28" severity="error" message="Variable &apos;e&apos; should be declared final." source="com.puppycrawl.tools.checkstyle.checks.coding.FinalLocalVariableCheck"/>
<error line="48" severity="error" message="Avoid sending stack traces to the console directly. Use a logger object instead" source="com.puppycrawl.tools.checkstyle.checks.regexp.RegexpSinglelineJavaCheck"/>
</file>
</checkstyle>
